[25/Apr/2015 09:09:14] DEBUG [giftme:56] In wakeup function.
[25/Apr/2015 09:09:14] DEBUG [giftme:59] Client version: 0.0.22.
[25/Apr/2015 09:09:14] DEBUG [giftme:61] Supported client version: 0.0.22.
[25/Apr/2015 09:11:45] DEBUG [giftme:56] In wakeup function.
[25/Apr/2015 09:11:45] DEBUG [giftme:59] Client version: 0.0.22.
[25/Apr/2015 09:11:45] DEBUG [giftme:61] Supported client version: 0.0.22.
[25/Apr/2015 09:24:31] DEBUG [giftme:56] In wakeup function.
[25/Apr/2015 09:24:31] DEBUG [giftme:59] Client version: 0.0.22.
[25/Apr/2015 09:24:31] DEBUG [giftme:61] Supported client version: 0.0.22.
[25/Apr/2015 09:24:43] DEBUG [giftme:56] In wakeup function.
[25/Apr/2015 09:24:43] DEBUG [giftme:59] Client version: 0.0.22.
[25/Apr/2015 09:24:43] DEBUG [giftme:61] Supported client version: 0.0.22.
[25/Apr/2015 09:26:16] DEBUG [giftme:56] In wakeup function.
[25/Apr/2015 09:26:16] DEBUG [giftme:59] Client version: 0.0.22.
[25/Apr/2015 09:26:16] DEBUG [giftme:61] Supported client version: 0.0.22.
[25/Apr/2015 09:28:10] DEBUG [giftme:56] In wakeup function.
[25/Apr/2015 09:28:10] DEBUG [giftme:59] Client version: 0.0.22.
[25/Apr/2015 09:28:10] DEBUG [giftme:61] Supported client version: 0.0.22.
[25/Apr/2015 09:42:09] DEBUG [giftme:56] In wakeup function.
[25/Apr/2015 09:42:09] DEBUG [giftme:59] Client version: 0.0.22.
[25/Apr/2015 09:42:09] DEBUG [giftme:61] Supported client version: 0.0.22.
[25/Apr/2015 09:43:23] DEBUG [giftme:56] In wakeup function.
[25/Apr/2015 09:43:23] DEBUG [giftme:59] Client version: 0.0.22.
[25/Apr/2015 09:43:23] DEBUG [giftme:61] Supported client version: 0.0.22.
[25/Apr/2015 09:43:32] DEBUG [giftme:56] In wakeup function.
[25/Apr/2015 09:43:32] DEBUG [giftme:59] Client version: 0.0.22.
[25/Apr/2015 09:43:32] DEBUG [giftme:61] Supported client version: 0.0.22.
[25/Apr/2015 11:51:52] DEBUG [giftme:56] In wakeup function.
[25/Apr/2015 11:51:52] DEBUG [giftme:59] Client version: 0.0.22.
[25/Apr/2015 11:51:52] DEBUG [giftme:61] Supported client version: 0.0.22.
[25/Apr/2015 11:52:01] DEBUG [giftme:56] In wakeup function.
[25/Apr/2015 11:52:01] DEBUG [giftme:59] Client version: 0.0.22.
[25/Apr/2015 11:52:01] DEBUG [giftme:61] Supported client version: 0.0.22.
[25/Apr/2015 11:52:13] DEBUG [giftme:56] In wakeup function.
[25/Apr/2015 11:52:13] DEBUG [giftme:59] Client version: 0.0.22.
[25/Apr/2015 11:52:13] DEBUG [giftme:61] Supported client version: 0.0.22.
[25/Apr/2015 11:55:04] DEBUG [giftme:56] In wakeup function.
[25/Apr/2015 11:55:04] DEBUG [giftme:59] Client version: 0.0.22.
[25/Apr/2015 11:55:04] DEBUG [giftme:61] Supported client version: 0.0.22.
[25/Apr/2015 12:00:22] DEBUG [giftme:56] In wakeup function.
[25/Apr/2015 12:00:22] DEBUG [giftme:59] Client version: 0.0.22.
[25/Apr/2015 12:00:22] DEBUG [giftme:61] Supported client version: 0.0.22.
[25/Apr/2015 12:03:52] DEBUG [giftme:56] In wakeup function.
[25/Apr/2015 12:03:52] DEBUG [giftme:59] Client version: 0.0.22.
[25/Apr/2015 12:03:52] DEBUG [giftme:61] Supported client version: 0.0.22.
[25/Apr/2015 12:22:45] DEBUG [giftme:56] In wakeup function.
[25/Apr/2015 12:22:45] DEBUG [giftme:59] Client version: 0.0.22.
[25/Apr/2015 12:22:45] DEBUG [giftme:61] Supported client version: 0.0.22.
[25/Apr/2015 12:25:43] DEBUG [giftme:56] In wakeup function.
[25/Apr/2015 12:25:43] DEBUG [giftme:59] Client version: 0.0.22.
[25/Apr/2015 12:25:43] DEBUG [giftme:61] Supported client version: 0.0.22.
[25/Apr/2015 12:26:11] DEBUG [giftme:56] In wakeup function.
[25/Apr/2015 12:26:11] DEBUG [giftme:59] Client version: 0.0.22.
[25/Apr/2015 12:26:11] DEBUG [giftme:61] Supported client version: 0.0.22.
[25/Apr/2015 12:26:29] DEBUG [giftme:56] In wakeup function.
[25/Apr/2015 12:26:29] DEBUG [giftme:59] Client version: 0.0.22.
[25/Apr/2015 12:26:29] DEBUG [giftme:61] Supported client version: 0.0.22.
[25/Apr/2015 12:26:41] DEBUG [giftme:56] In wakeup function.
[25/Apr/2015 12:26:41] DEBUG [giftme:59] Client version: 0.0.22.
[25/Apr/2015 12:26:41] DEBUG [giftme:61] Supported client version: 0.0.22.
[25/Apr/2015 17:47:51] DEBUG [giftme:56] In wakeup function.
[25/Apr/2015 17:47:51] DEBUG [giftme:59] Client version: 0.0.22.
[25/Apr/2015 17:47:51] DEBUG [giftme:61] Supported client version: 0.0.22.
[25/Apr/2015 17:52:40] DEBUG [giftme:56] In wakeup function.
[25/Apr/2015 17:52:40] DEBUG [giftme:59] Client version: 0.0.22.
[25/Apr/2015 17:52:40] DEBUG [giftme:61] Supported client version: 0.0.22.
[25/Apr/2015 18:05:32] DEBUG [giftme:56] In wakeup function.
[25/Apr/2015 18:05:32] DEBUG [giftme:59] Client version: 0.0.22.
[25/Apr/2015 18:05:32] DEBUG [giftme:61] Supported client version: 0.0.22.
[25/Apr/2015 18:05:55] DEBUG [giftme:56] In wakeup function.
[25/Apr/2015 18:05:55] DEBUG [giftme:59] Client version: 0.0.22.
[25/Apr/2015 18:05:55] DEBUG [giftme:61] Supported client version: 0.0.22.
[25/Apr/2015 18:06:09] DEBUG [giftme:56] In wakeup function.
[25/Apr/2015 18:06:09] DEBUG [giftme:59] Client version: 0.0.22.
[25/Apr/2015 18:06:09] DEBUG [giftme:61] Supported client version: 0.0.22.
[25/Apr/2015 18:20:25] DEBUG [giftme:56] In wakeup function.
[25/Apr/2015 18:20:25] DEBUG [giftme:59] Client version: 0.0.22.
[25/Apr/2015 18:20:25] DEBUG [giftme:61] Supported client version: 0.0.22.
[25/Apr/2015 18:27:26] DEBUG [giftme:56] In wakeup function.
[25/Apr/2015 18:27:26] DEBUG [giftme:59] Client version: 0.0.22.
[25/Apr/2015 18:27:26] DEBUG [giftme:61] Supported client version: 0.0.22.
[26/Apr/2015 21:12:15] DEBUG [giftme:58] In wakeup function.
[26/Apr/2015 21:12:15] DEBUG [giftme:61] Client version: 0.0.22.
[26/Apr/2015 21:12:15] DEBUG [giftme:63] Supported client version: 0.0.22.
[27/Apr/2015 18:19:13] DEBUG [giftme:58] In wakeup function.
[27/Apr/2015 18:19:13] DEBUG [giftme:61] Client version: 0.0.23.
[27/Apr/2015 18:19:13] DEBUG [giftme:63] Supported client version: 0.0.23.
[27/Apr/2015 18:19:17] DEBUG [giftme:58] In wakeup function.
[27/Apr/2015 18:19:17] DEBUG [giftme:61] Client version: 0.0.23.
[27/Apr/2015 18:19:17] DEBUG [giftme:63] Supported client version: 0.0.23.
[28/Apr/2015 19:50:41] DEBUG [giftme:58] In wakeup function.
[28/Apr/2015 19:50:41] DEBUG [giftme:61] Client version: 0.0.23.
[28/Apr/2015 19:50:41] DEBUG [giftme:63] Supported client version: 0.0.23.
[28/Apr/2015 19:54:59] DEBUG [giftme:58] In wakeup function.
[28/Apr/2015 19:54:59] DEBUG [giftme:61] Client version: 0.0.23.
[28/Apr/2015 19:54:59] DEBUG [giftme:63] Supported client version: 0.0.23.
[28/Apr/2015 20:01:09] DEBUG [giftme:58] In wakeup function.
[28/Apr/2015 20:01:09] DEBUG [giftme:61] Client version: 0.0.23.
[28/Apr/2015 20:01:09] DEBUG [giftme:63] Supported client version: 0.0.23.
[07/Jun/2015 19:04:08] DEBUG [giftme:58] In wakeup function.
[07/Jun/2015 19:04:08] DEBUG [giftme:61] Client version: 0.0.24.
[07/Jun/2015 19:04:08] DEBUG [giftme:63] Supported client version: 0.0.24.
[08/Jun/2015 17:43:11] DEBUG [giftme:58] In wakeup function.
[08/Jun/2015 17:43:11] DEBUG [giftme:61] Client version: 0.0.24.
[08/Jun/2015 17:43:11] DEBUG [giftme:63] Supported client version: 0.0.24.
[08/Jun/2015 17:43:40] DEBUG [giftme:58] In wakeup function.
[08/Jun/2015 17:43:40] DEBUG [giftme:61] Client version: 0.0.24.
[08/Jun/2015 17:43:40] DEBUG [giftme:63] Supported client version: 0.0.24.
[08/Jun/2015 18:01:07] DEBUG [giftme:58] In wakeup function.
[08/Jun/2015 18:01:07] DEBUG [giftme:61] Client version: 0.0.24.
[08/Jun/2015 18:01:07] DEBUG [giftme:63] Supported client version: 0.0.24.
[08/Jun/2015 18:02:54] DEBUG [giftme:58] In wakeup function.
[08/Jun/2015 18:02:55] DEBUG [giftme:61] Client version: 0.0.24.
[08/Jun/2015 18:02:55] DEBUG [giftme:63] Supported client version: 0.0.24.
[08/Jun/2015 18:03:18] DEBUG [giftme:58] In wakeup function.
[08/Jun/2015 18:03:18] DEBUG [giftme:61] Client version: 0.0.24.
[08/Jun/2015 18:03:18] DEBUG [giftme:63] Supported client version: 0.0.24.
[08/Jun/2015 18:03:35] DEBUG [giftme:58] In wakeup function.
[08/Jun/2015 18:03:35] DEBUG [giftme:61] Client version: 0.0.24.
[08/Jun/2015 18:03:35] DEBUG [giftme:63] Supported client version: 0.0.24.
[08/Jun/2015 18:03:47] DEBUG [giftme:58] In wakeup function.
[08/Jun/2015 18:03:47] DEBUG [giftme:61] Client version: 0.0.24.
[08/Jun/2015 18:03:47] DEBUG [giftme:63] Supported client version: 0.0.24.
[08/Jun/2015 18:04:09] DEBUG [giftme:58] In wakeup function.
[08/Jun/2015 18:04:09] DEBUG [giftme:61] Client version: 0.0.24.
[08/Jun/2015 18:04:09] DEBUG [giftme:63] Supported client version: 0.0.24.
[08/Jun/2015 18:04:25] DEBUG [giftme:58] In wakeup function.
[08/Jun/2015 18:04:25] DEBUG [giftme:61] Client version: 0.0.24.
[08/Jun/2015 18:04:25] DEBUG [giftme:63] Supported client version: 0.0.24.
[08/Jun/2015 18:05:47] DEBUG [giftme:58] In wakeup function.
[08/Jun/2015 18:05:47] DEBUG [giftme:61] Client version: 0.0.24.
[08/Jun/2015 18:05:47] DEBUG [giftme:63] Supported client version: 0.0.24.
[08/Jun/2015 18:08:16] DEBUG [giftme:58] In wakeup function.
[08/Jun/2015 18:08:16] DEBUG [giftme:61] Client version: 0.0.24.
[08/Jun/2015 18:08:16] DEBUG [giftme:63] Supported client version: 0.0.24.
[08/Jun/2015 18:08:31] DEBUG [giftme:58] In wakeup function.
[08/Jun/2015 18:08:31] DEBUG [giftme:61] Client version: 0.0.24.
[08/Jun/2015 18:08:31] DEBUG [giftme:63] Supported client version: 0.0.24.
[08/Jun/2015 18:17:09] DEBUG [giftme:58] In wakeup function.
[08/Jun/2015 18:17:09] DEBUG [giftme:61] Client version: 0.0.24.
[08/Jun/2015 18:17:09] DEBUG [giftme:63] Supported client version: 0.0.24.
[08/Jun/2015 18:22:16] DEBUG [giftme:58] In wakeup function.
[08/Jun/2015 18:22:16] DEBUG [giftme:61] Client version: 0.0.24.
[08/Jun/2015 18:22:16] DEBUG [giftme:63] Supported client version: 0.0.24.
[08/Jun/2015 18:28:27] DEBUG [giftme:58] In wakeup function.
[08/Jun/2015 18:28:27] DEBUG [giftme:61] Client version: 0.0.24.
[08/Jun/2015 18:28:27] DEBUG [giftme:63] Supported client version: 0.0.24.
[08/Jun/2015 18:55:23] DEBUG [giftme:58] In wakeup function.
[08/Jun/2015 18:55:23] DEBUG [giftme:61] Client version: 0.0.24.
[08/Jun/2015 18:55:23] DEBUG [giftme:63] Supported client version: 0.0.24.
[08/Jun/2015 18:57:00] DEBUG [giftme:58] In wakeup function.
[08/Jun/2015 18:57:00] DEBUG [giftme:61] Client version: 0.0.24.
[08/Jun/2015 18:57:00] DEBUG [giftme:63] Supported client version: 0.0.24.
[08/Jun/2015 19:54:51] DEBUG [giftme:58] In wakeup function.
[08/Jun/2015 19:54:51] DEBUG [giftme:61] Client version: 0.0.24.
[08/Jun/2015 19:54:51] DEBUG [giftme:63] Supported client version: 0.0.24.
[08/Jun/2015 19:54:57] DEBUG [giftme:58] In wakeup function.
[08/Jun/2015 19:54:57] DEBUG [giftme:61] Client version: 0.0.24.
[08/Jun/2015 19:54:57] DEBUG [giftme:63] Supported client version: 0.0.24.
[08/Jun/2015 19:55:03] DEBUG [giftme:58] In wakeup function.
[08/Jun/2015 19:55:03] DEBUG [giftme:61] Client version: 0.0.24.
[08/Jun/2015 19:55:03] DEBUG [giftme:63] Supported client version: 0.0.24.
[08/Jun/2015 19:55:12] DEBUG [giftme:58] In wakeup function.
[08/Jun/2015 19:55:12] DEBUG [giftme:61] Client version: 0.0.24.
[08/Jun/2015 19:55:12] DEBUG [giftme:63] Supported client version: 0.0.24.
[08/Jun/2015 19:56:42] DEBUG [giftme:58] In wakeup function.
[08/Jun/2015 19:56:42] DEBUG [giftme:61] Client version: 0.0.24.
[08/Jun/2015 19:56:42] DEBUG [giftme:63] Supported client version: 0.0.24.
[08/Jun/2015 19:56:50] DEBUG [giftme:58] In wakeup function.
[08/Jun/2015 19:56:50] DEBUG [giftme:61] Client version: 0.0.24.
[08/Jun/2015 19:56:50] DEBUG [giftme:63] Supported client version: 0.0.24.
[08/Jun/2015 19:58:16] DEBUG [giftme:58] In wakeup function.
[08/Jun/2015 19:58:16] DEBUG [giftme:61] Client version: 0.0.24.
[08/Jun/2015 19:58:16] DEBUG [giftme:63] Supported client version: 0.0.24.
[08/Jun/2015 20:00:09] DEBUG [giftme:58] In wakeup function.
[08/Jun/2015 20:00:09] DEBUG [giftme:61] Client version: 0.0.24.
[08/Jun/2015 20:00:09] DEBUG [giftme:63] Supported client version: 0.0.24.
[08/Jun/2015 20:00:21] DEBUG [giftme:58] In wakeup function.
[08/Jun/2015 20:00:21] DEBUG [giftme:61] Client version: 0.0.24.
[08/Jun/2015 20:00:21] DEBUG [giftme:63] Supported client version: 0.0.24.
[08/Jun/2015 20:08:28] DEBUG [giftme:58] In wakeup function.
[08/Jun/2015 20:08:28] DEBUG [giftme:61] Client version: 0.0.24.
[08/Jun/2015 20:08:28] DEBUG [giftme:63] Supported client version: 0.0.24.
[08/Jun/2015 20:09:23] DEBUG [giftme:58] In wakeup function.
[08/Jun/2015 20:09:23] DEBUG [giftme:61] Client version: 0.0.24.
[08/Jun/2015 20:09:23] DEBUG [giftme:63] Supported client version: 0.0.24.
[08/Jun/2015 20:09:28] DEBUG [giftme:58] In wakeup function.
[08/Jun/2015 20:09:28] DEBUG [giftme:61] Client version: 0.0.24.
[08/Jun/2015 20:09:28] DEBUG [giftme:63] Supported client version: 0.0.24.
[08/Jun/2015 20:15:27] DEBUG [giftme:58] In wakeup function.
[08/Jun/2015 20:15:27] DEBUG [giftme:61] Client version: 0.0.24.
[08/Jun/2015 20:15:27] DEBUG [giftme:63] Supported client version: 0.0.24.
[08/Jun/2015 20:18:11] DEBUG [giftme:58] In wakeup function.
[08/Jun/2015 20:18:11] DEBUG [giftme:61] Client version: 0.0.24.
[08/Jun/2015 20:18:11] DEBUG [giftme:63] Supported client version: 0.0.24.
[08/Jun/2015 20:21:12] DEBUG [giftme:58] In wakeup function.
[08/Jun/2015 20:21:12] DEBUG [giftme:61] Client version: 0.0.24.
[08/Jun/2015 20:21:12] DEBUG [giftme:63] Supported client version: 0.0.24.
[08/Jun/2015 20:21:21] DEBUG [giftme:58] In wakeup function.
[08/Jun/2015 20:21:21] DEBUG [giftme:61] Client version: 0.0.24.
[08/Jun/2015 20:21:21] DEBUG [giftme:63] Supported client version: 0.0.24.
[08/Jun/2015 20:21:29] DEBUG [giftme:58] In wakeup function.
[08/Jun/2015 20:21:29] DEBUG [giftme:61] Client version: 0.0.24.
[08/Jun/2015 20:21:29] DEBUG [giftme:63] Supported client version: 0.0.24.
[08/Jun/2015 20:21:35] DEBUG [giftme:58] In wakeup function.
[08/Jun/2015 20:21:35] DEBUG [giftme:61] Client version: 0.0.24.
[08/Jun/2015 20:21:35] DEBUG [giftme:63] Supported client version: 0.0.24.
[08/Jun/2015 20:22:42] DEBUG [giftme:58] In wakeup function.
[08/Jun/2015 20:22:42] DEBUG [giftme:61] Client version: 0.0.24.
[08/Jun/2015 20:22:42] DEBUG [giftme:63] Supported client version: 0.0.24.
[08/Jun/2015 20:23:56] DEBUG [giftme:58] In wakeup function.
[08/Jun/2015 20:23:56] DEBUG [giftme:61] Client version: 0.0.24.
[08/Jun/2015 20:23:56] DEBUG [giftme:63] Supported client version: 0.0.24.
[08/Jun/2015 20:49:45] DEBUG [giftme:58] In wakeup function.
[08/Jun/2015 20:49:45] DEBUG [giftme:61] Client version: 0.0.24.
[08/Jun/2015 20:49:45] DEBUG [giftme:63] Supported client version: 0.0.24.
[08/Jun/2015 20:52:07] DEBUG [giftme:58] In wakeup function.
[08/Jun/2015 20:52:07] DEBUG [giftme:61] Client version: 0.0.24.
[08/Jun/2015 20:52:07] DEBUG [giftme:63] Supported client version: 0.0.24.
[08/Jun/2015 20:52:15] DEBUG [giftme:58] In wakeup function.
[08/Jun/2015 20:52:15] DEBUG [giftme:61] Client version: 0.0.24.
[08/Jun/2015 20:52:15] DEBUG [giftme:63] Supported client version: 0.0.24.
[12/Jun/2015 21:18:19] DEBUG [giftme:58] In wakeup function.
[12/Jun/2015 21:18:20] DEBUG [giftme:61] Client version: 0.0.24.
[12/Jun/2015 21:18:20] DEBUG [giftme:66] Unsupported client version: 0.0.24.
[12/Jun/2015 21:18:50] DEBUG [giftme:58] In wakeup function.
[12/Jun/2015 21:18:50] DEBUG [giftme:61] Client version: 0.0.24.
[12/Jun/2015 21:18:50] DEBUG [giftme:66] Unsupported client version: 0.0.24.
[12/Jun/2015 21:19:01] DEBUG [giftme:58] In wakeup function.
[12/Jun/2015 21:19:01] DEBUG [giftme:61] Client version: 0.0.24.
[12/Jun/2015 21:19:01] DEBUG [giftme:66] Unsupported client version: 0.0.24.
[12/Jun/2015 21:19:49] DEBUG [giftme:58] In wakeup function.
[12/Jun/2015 21:19:49] DEBUG [giftme:61] Client version: 0.0.24.
[12/Jun/2015 21:19:49] DEBUG [giftme:66] Unsupported client version: 0.0.24.
[12/Jun/2015 21:20:52] DEBUG [giftme:58] In wakeup function.
[12/Jun/2015 21:20:52] DEBUG [giftme:61] Client version: 0.0.24.
[12/Jun/2015 21:20:52] DEBUG [giftme:66] Unsupported client version: 0.0.24.
[12/Jun/2015 21:21:34] DEBUG [giftme:58] In wakeup function.
[12/Jun/2015 21:21:34] DEBUG [giftme:61] Client version: 0.0.24.
[12/Jun/2015 21:21:34] DEBUG [giftme:66] Unsupported client version: 0.0.24.
[12/Jun/2015 21:21:49] DEBUG [giftme:58] In wakeup function.
[12/Jun/2015 21:21:49] DEBUG [giftme:61] Client version: 0.0.24.
[12/Jun/2015 21:21:49] DEBUG [giftme:66] Unsupported client version: 0.0.24.
[12/Jun/2015 21:22:10] DEBUG [giftme:58] In wakeup function.
[12/Jun/2015 21:22:10] DEBUG [giftme:61] Client version: 0.0.24.
[12/Jun/2015 21:22:10] DEBUG [giftme:66] Unsupported client version: 0.0.24.
[12/Jun/2015 21:22:24] DEBUG [giftme:58] In wakeup function.
[12/Jun/2015 21:22:24] DEBUG [giftme:61] Client version: 0.0.24.
[12/Jun/2015 21:22:24] DEBUG [giftme:66] Unsupported client version: 0.0.24.
[12/Jun/2015 21:24:09] DEBUG [giftme:58] In wakeup function.
[12/Jun/2015 21:24:09] DEBUG [giftme:61] Client version: 0.0.24.
[12/Jun/2015 21:24:09] DEBUG [giftme:66] Unsupported client version: 0.0.24.
[12/Jun/2015 21:24:33] DEBUG [giftme:58] In wakeup function.
[12/Jun/2015 21:24:33] DEBUG [giftme:61] Client version: 0.0.24.
[12/Jun/2015 21:24:33] DEBUG [giftme:66] Unsupported client version: 0.0.24.
[12/Jun/2015 21:24:46] DEBUG [giftme:58] In wakeup function.
[12/Jun/2015 21:24:46] DEBUG [giftme:61] Client version: 0.0.24.
[12/Jun/2015 21:24:46] DEBUG [giftme:66] Unsupported client version: 0.0.24.
[12/Jun/2015 21:30:21] DEBUG [giftme:58] In wakeup function.
[12/Jun/2015 21:30:21] DEBUG [giftme:63] Client version: 0.0.24.
[12/Jun/2015 21:30:21] DEBUG [giftme:68] Unsupported client version: 0.0.24.
[12/Jun/2015 21:31:09] DEBUG [giftme:58] In wakeup function.
[12/Jun/2015 21:31:09] DEBUG [giftme:63] Client version: 0.0.24.
[12/Jun/2015 21:31:09] DEBUG [giftme:68] Unsupported client version: 0.0.24.
[12/Jun/2015 21:34:43] DEBUG [giftme:58] In wakeup function.
[12/Jun/2015 21:34:43] DEBUG [giftme:63] Client version: 0.0.25.
[12/Jun/2015 21:34:43] DEBUG [giftme:65] Supported client version: 0.0.25.
[21/Jun/2015 12:05:23] DEBUG [giftme:58] In wakeup function.
[21/Jun/2015 12:05:23] DEBUG [giftme:63] Client version: 0.0.25.
[21/Jun/2015 12:05:23] DEBUG [giftme:65] Supported client version: 0.0.25.
[21/Jun/2015 12:06:36] DEBUG [giftme:58] In wakeup function.
[21/Jun/2015 12:06:36] DEBUG [giftme:63] Client version: 0.0.25.
[21/Jun/2015 12:06:36] DEBUG [giftme:65] Supported client version: 0.0.25.
[21/Jun/2015 12:14:06] DEBUG [giftme:58] In wakeup function.
[21/Jun/2015 12:14:06] DEBUG [giftme:63] Client version: 0.0.25.
[21/Jun/2015 12:14:06] DEBUG [giftme:65] Supported client version: 0.0.25.
[21/Jun/2015 12:14:44] DEBUG [giftme:58] In wakeup function.
[21/Jun/2015 12:14:44] DEBUG [giftme:63] Client version: 0.0.25.
[21/Jun/2015 12:14:44] DEBUG [giftme:65] Supported client version: 0.0.25.
[21/Jun/2015 12:15:03] DEBUG [giftme:58] In wakeup function.
[21/Jun/2015 12:15:03] DEBUG [giftme:63] Client version: 0.0.25.
[21/Jun/2015 12:15:03] DEBUG [giftme:65] Supported client version: 0.0.25.
